<?xml version="1.0" encoding="UTF-8"?>
<!-- Generated by org.testng.reporters.JUnitReportReporter -->
<testsuite hostname="itsdeepsMacBook.default" name="Guru99Bank.Guru99BankTest" tests="4" failures="0" timestamp="24 Feb 2016 14:02:00 GMT" time="34.658" errors="0">
  <testcase name="loginToGuruBank" time="11.655" classname="Guru99Bank.Guru99BankTest"/>
  <testcase name="loginToGuruBank" time="7.619" classname="Guru99Bank.Guru99BankTest"/>
  <testcase name="loginToGuruBank" time="7.601" classname="Guru99Bank.Guru99BankTest"/>
  <testcase name="loginToGuruBank" time="7.783" classname="Guru99Bank.Guru99BankTest"/>
</testsuite> <!-- Guru99Bank.Guru99BankTest -->
